<?xml version="1.0" encoding="UTF-8"?>
<testsuite name="bdbe.bdbd.reservation.ReservationRestControllerTest" tests="1" skipped="0" failures="0" errors="0" timestamp="2023-10-07T12:16:19" hostname="MacBook-Pro.local" time="0.444">
  <properties/>
  <testcase name="현재 시간 기준 예약 내역 조회" classname="bdbe.bdbd.reservation.ReservationRestControllerTest" time="0.444"/>
  <system-out><![CDATA[21:16:14.786 [Test worker] DEBUG org.springframework.test.context.BootstrapUtils - Instantiating CacheAwareContextLoaderDelegate from class [org.springframework.test.context.cache.DefaultCacheAwareContextLoaderDelegate]
21:16:14.793 [Test worker] DEBUG org.springframework.test.context.BootstrapUtils - Instantiating BootstrapContext using constructor [public org.springframework.test.context.support.DefaultBootstrapContext(java.lang.Class,org.springframework.test.context.CacheAwareContextLoaderDelegate)]
21:16:14.818 [Test worker] DEBUG org.springframework.test.context.BootstrapUtils - Instantiating TestContextBootstrapper for test class [bdbe.bdbd.reservation.ReservationRestControllerTest] from class [org.springframework.boot.test.context.SpringBootTestContextBootstrapper]
21:16:14.826 [Test worker] INFO org.springframework.boot.test.context.SpringBootTestContextBootstrapper - Neither @ContextConfiguration nor @ContextHierarchy found for test class [bdbe.bdbd.reservation.ReservationRestControllerTest], using SpringBootContextLoader
21:16:14.830 [Test worker] DEBUG org.springframework.test.context.support.AbstractContextLoader - Did not detect default resource location for test class [bdbe.bdbd.reservation.ReservationRestControllerTest]: class path resource [bdbe/bdbd/reservation/ReservationRestControllerTest-context.xml] does not exist
21:16:14.830 [Test worker] DEBUG org.springframework.test.context.support.AbstractContextLoader - Did not detect default resource location for test class [bdbe.bdbd.reservation.ReservationRestControllerTest]: class path resource [bdbe/bdbd/reservation/ReservationRestControllerTestContext.groovy] does not exist
21:16:14.830 [Test worker] INFO org.springframework.test.context.support.AbstractContextLoader - Could not detect default resource locations for test class [bdbe.bdbd.reservation.ReservationRestControllerTest]: no resource found for suffixes {-context.xml, Context.groovy}.
21:16:14.831 [Test worker] INFO org.springframework.test.context.support.AnnotationConfigContextLoaderUtils - Could not detect default configuration classes for test class [bdbe.bdbd.reservation.ReservationRestControllerTest]: ReservationRestControllerTest does not declare any static, non-private, non-final, nested classes annotated with @Configuration.
21:16:14.880 [Test worker] DEBUG org.springframework.test.context.support.ActiveProfilesUtils - Could not find an 'annotation declaring class' for annotation type [org.springframework.test.context.ActiveProfiles] and class [bdbe.bdbd.reservation.ReservationRestControllerTest]
21:16:14.930 [Test worker] DEBUG org.springframework.context.annotation.ClassPathScanningCandidateComponentProvider - Identified candidate component class: file [/Users/mae/Desktop/KTC/3단계/Team10_BE/build/classes/java/main/bdbe/bdbd/BdbdApplication.class]
21:16:14.931 [Test worker] INFO org.springframework.boot.test.context.SpringBootTestContextBootstrapper - Found @SpringBootConfiguration bdbe.bdbd.BdbdApplication for test class bdbe.bdbd.reservation.ReservationRestControllerTest
21:16:14.986 [Test worker] DEBUG org.springframework.boot.test.context.SpringBootTestContextBootstrapper - @TestExecutionListeners is not present for class [bdbe.bdbd.reservation.ReservationRestControllerTest]: using defaults.
21:16:14.986 [Test worker] INFO org.springframework.boot.test.context.SpringBootTestContextBootstrapper - Loaded default TestExecutionListener class names from location [META-INF/spring.factories]: [org.springframework.security.test.context.support.WithSecurityContextTestExecutionListener, org.springframework.security.test.context.support.ReactorContextTestExecutionListener, org.springframework.boot.test.autoconfigure.restdocs.RestDocsTestExecutionListener, org.springframework.boot.test.autoconfigure.web.client.MockRestServiceServerResetTestExecutionListener, org.springframework.boot.test.autoconfigure.web.servlet.MockMvcPrintOnlyOnFailureTestExecutionListener, org.springframework.boot.test.autoconfigure.web.servlet.WebDriverTestExecutionListener, org.springframework.boot.test.autoconfigure.webservices.client.MockWebServiceServerTestExecutionListener, org.springframework.boot.test.mock.mockito.MockitoTestExecutionListener, org.springframework.boot.test.mock.mockito.ResetMocksTestExecutionListener, org.springframework.test.context.web.ServletTestExecutionListener, org.springframework.test.context.support.DirtiesContextBeforeModesTestExecutionListener, org.springframework.test.context.event.ApplicationEventsTestExecutionListener, org.springframework.test.context.support.DependencyInjectionTestExecutionListener, org.springframework.test.context.support.DirtiesContextTestExecutionListener, org.springframework.test.context.transaction.TransactionalTestExecutionListener, org.springframework.test.context.jdbc.SqlScriptsTestExecutionListener, org.springframework.test.context.event.EventPublishingTestExecutionListener]
21:16:15.009 [Test worker] INFO org.springframework.boot.test.context.SpringBootTestContextBootstrapper - Using TestExecutionListeners: [org.springframework.test.context.web.ServletTestExecutionListener@54e81b21, org.springframework.test.context.support.DirtiesContextBeforeModesTestExecutionListener@38d5b107, org.springframework.test.context.event.ApplicationEventsTestExecutionListener@6650813a, org.springframework.boot.test.mock.mockito.MockitoTestExecutionListener@44ea608c, org.springframework.boot.test.autoconfigure.SpringBootDependencyInjectionTestExecutionListener@50cf5a23, org.springframework.test.context.support.DirtiesContextTestExecutionListener@450794b4, org.springframework.test.context.transaction.TransactionalTestExecutionListener@273c947f, org.springframework.test.context.jdbc.SqlScriptsTestExecutionListener@30457e14, org.springframework.security.test.context.support.WithSecurityContextTestExecutionListener@1af1347d, org.springframework.test.context.event.EventPublishingTestExecutionListener@632aa1a3, org.springframework.security.test.context.support.ReactorContextTestExecutionListener@20765ed5, org.springframework.boot.test.autoconfigure.restdocs.RestDocsTestExecutionListener@3b582111, org.springframework.boot.test.autoconfigure.web.client.MockRestServiceServerResetTestExecutionListener@2899a8db, org.springframework.boot.test.autoconfigure.web.servlet.MockMvcPrintOnlyOnFailureTestExecutionListener@1e8823d2, org.springframework.boot.test.autoconfigure.web.servlet.WebDriverTestExecutionListener@c1a4620, org.springframework.boot.test.autoconfigure.webservices.client.MockWebServiceServerTestExecutionListener@76b0ae1b, org.springframework.boot.test.mock.mockito.ResetMocksTestExecutionListener@130a0f66]
21:16:15.016 [Test worker] DEBUG org.springframework.test.context.support.AbstractDirtiesContextTestExecutionListener - Before test class: context [DefaultTestContext@26f3d90c testClass = ReservationRestControllerTest, testInstance = [null], testMethod = [null], testException = [null], mergedContextConfiguration = [WebMergedContextConfiguration@3c49fab6 testClass = ReservationRestControllerTest, locations = '{}', classes = '{class bdbe.bdbd.BdbdApplication}', contextInitializerClasses = '[]', activeProfiles = '{}', propertySourceLocations = '{}', propertySourceProperties = '{org.springframework.boot.test.context.SpringBootTestContextBootstrapper=true}', contextCustomizers = set[org.springframework.boot.test.autoconfigure.actuate.metrics.MetricsExportContextCustomizerFactory$DisableMetricExportContextCustomizer@1d8062d2, org.springframework.boot.test.autoconfigure.properties.PropertyMappingContextCustomizer@4b3fa0b3, org.springframework.boot.test.autoconfigure.web.servlet.WebDriverContextCustomizerFactory$Customizer@636e8cc, [ImportsContextCustomizer@515f4131 key = [org.springframework.boot.test.autoconfigure.web.servlet.MockMvcAutoConfiguration, org.springframework.boot.test.autoconfigure.web.servlet.MockMvcWebClientAutoConfiguration, org.springframework.boot.test.autoconfigure.web.servlet.MockMvcWebDriverAutoConfiguration, org.springframework.boot.autoconfigure.security.oauth2.client.servlet.OAuth2ClientAutoConfiguration, org.springframework.boot.autoconfigure.security.oauth2.resource.servlet.OAuth2ResourceServerAutoConfiguration, org.springframework.boot.autoconfigure.security.servlet.SecurityAutoConfiguration, org.springframework.boot.autoconfigure.security.servlet.SecurityFilterAutoConfiguration, org.springframework.boot.autoconfigure.security.servlet.UserDetailsServiceAutoConfiguration, org.springframework.boot.test.autoconfigure.web.servlet.MockMvcSecurityConfiguration, org.springframework.boot.test.autoconfigure.web.reactive.WebTestClientAutoConfiguration]], org.springframework.boot.test.context.filter.ExcludeFilterContextCustomizer@5b64c4b7, org.springframework.boot.test.json.DuplicateJsonObjectContextCustomizerFactory$DuplicateJsonObjectContextCustomizer@458342d3, org.springframework.boot.test.mock.mockito.MockitoContextCustomizer@0, org.springframework.boot.test.web.client.TestRestTemplateContextCustomizer@83298d7, org.springframework.boot.test.context.SpringBootTestArgs@1, org.springframework.boot.test.context.SpringBootTestWebEnvironment@6692b6c6], resourceBasePath = 'src/main/webapp', contextLoader = 'org.springframework.boot.test.context.SpringBootContextLoader', parent = [null]], attributes = map['org.springframework.test.context.web.ServletTestExecutionListener.activateListener' -> true]], class annotated with @DirtiesContext [false] with mode [null].

  .   ____          _            __ _ _
 /\\ / ___'_ __ _ _(_)_ __  __ _ \ \ \ \
( ( )\___ | '_ | '_| | '_ \/ _` | \ \ \ \
 \\/  ___)| |_)| | | | | || (_| |  ) ) ) )
  '  |____| .__|_| |_|_| |_\__, | / / / /
 =========|_|==============|___/=/_/_/_/
 :: Spring Boot ::                (v2.7.6)

2023-10-07 21:16:15.318  INFO 67655 --- [    Test worker] b.b.r.ReservationRestControllerTest      : Starting ReservationRestControllerTest using Java 11.0.17 on MacBook-Pro.local with PID 67655 (started by mae in /Users/mae/Desktop/KTC/3단계/Team10_BE)
2023-10-07 21:16:15.319  INFO 67655 --- [    Test worker] b.b.r.ReservationRestControllerTest      : No active profile set, falling back to 1 default profile: "dev"
2023-10-07 21:16:15.922  INFO 67655 --- [    Test worker] .s.d.r.c.RepositoryConfigurationDelegate : Bootstrapping Spring Data JPA repositories in DEFAULT mode.
2023-10-07 21:16:15.975  INFO 67655 --- [    Test worker] .s.d.r.c.RepositoryConfigurationDelegate : Finished Spring Data repository scanning in 47 ms. Found 11 JPA repository interfaces.
2023-10-07 21:16:16.473  INFO 67655 --- [    Test worker] o.hibernate.jpa.internal.util.LogHelper  : HHH000204: Processing PersistenceUnitInfo [name: default]
2023-10-07 21:16:16.521  INFO 67655 --- [    Test worker] org.hibernate.Version                    : HHH000412: Hibernate ORM core version 5.6.14.Final
2023-10-07 21:16:16.638  INFO 67655 --- [    Test worker] o.hibernate.annotations.common.Version   : HCANN000001: Hibernate Commons Annotations {5.1.2.Final}
2023-10-07 21:16:16.720  INFO 67655 --- [    Test worker] com.zaxxer.hikari.HikariDataSource       : HikariPool-1 - Starting...
2023-10-07 21:16:17.213  INFO 67655 --- [    Test worker] com.zaxxer.hikari.HikariDataSource       : HikariPool-1 - Start completed.
2023-10-07 21:16:17.235  INFO 67655 --- [    Test worker] org.hibernate.dialect.Dialect            : HHH000400: Using dialect: org.hibernate.dialect.MySQL8Dialect
2023-10-07 21:16:18.487  INFO 67655 --- [    Test worker] o.h.e.t.j.p.i.JtaPlatformInitiator       : HHH000490: Using JtaPlatform implementation: [org.hibernate.engine.transaction.jta.platform.internal.NoJtaPlatform]
2023-10-07 21:16:18.493  INFO 67655 --- [    Test worker] j.LocalContainerEntityManagerFactoryBean : Initialized JPA EntityManagerFactory for persistence unit 'default'
2023-10-07 21:16:19.277  INFO 67655 --- [    Test worker] o.s.s.web.DefaultSecurityFilterChain     : Will secure any request with [org.springframework.security.web.session.DisableEncodeUrlFilter@33f3ebfc, org.springframework.security.web.context.request.async.WebAsyncManagerIntegrationFilter@5cb3cfef, org.springframework.security.web.context.SecurityContextPersistenceFilter@70a8654, org.springframework.security.web.header.HeaderWriterFilter@4c90fc3b, org.springframework.web.filter.CorsFilter@eb77241, org.springframework.security.web.authentication.logout.LogoutFilter@119f035f, bdbe.bdbd._core.errors.security.JwtAuthenticationFilter@197da701, org.springframework.security.web.savedrequest.RequestCacheAwareFilter@31d791c0, org.springframework.security.web.servletapi.SecurityContextHolderAwareRequestFilter@623c9988, org.springframework.security.web.authentication.AnonymousAuthenticationFilter@35fd03d9, org.springframework.security.web.session.SessionManagementFilter@2d21d12b, org.springframework.security.web.access.ExceptionTranslationFilter@535adf36, org.springframework.security.web.access.intercept.FilterSecurityInterceptor@1509bd56]
2023-10-07 21:16:19.419  WARN 67655 --- [    Test worker] JpaBaseConfiguration$JpaWebConfiguration : spring.jpa.open-in-view is enabled by default. Therefore, database queries may be performed during view rendering. Explicitly configure spring.jpa.open-in-view to disable this warning
2023-10-07 21:16:19.859  INFO 67655 --- [    Test worker] o.s.b.t.m.w.SpringBootMockServletContext : Initializing Spring TestDispatcherServlet ''
2023-10-07 21:16:19.859  INFO 67655 --- [    Test worker] o.s.t.web.servlet.TestDispatcherServlet  : Initializing Servlet ''
2023-10-07 21:16:19.860  INFO 67655 --- [    Test worker] o.s.t.web.servlet.TestDispatcherServlet  : Completed initialization in 1 ms
2023-10-07 21:16:19.876  INFO 67655 --- [    Test worker] b.b.r.ReservationRestControllerTest      : Started ReservationRestControllerTest in 4.832 seconds (JVM running for 5.69)
2023-10-07 21:16:19.920  INFO 67655 --- [    Test worker] o.s.t.c.transaction.TransactionContext   : Began transaction (1) for test context [DefaultTestContext@26f3d90c testClass = ReservationRestControllerTest, testInstance = bdbe.bdbd.reservation.ReservationRestControllerTest@2100b770, testMethod = fetchCurrentStatusReservation_test@ReservationRestControllerTest, testException = [null], mergedContextConfiguration = [WebMergedContextConfiguration@3c49fab6 testClass = ReservationRestControllerTest, locations = '{}', classes = '{class bdbe.bdbd.BdbdApplication}', contextInitializerClasses = '[]', activeProfiles = '{}', propertySourceLocations = '{}', propertySourceProperties = '{org.springframework.boot.test.context.SpringBootTestContextBootstrapper=true}', contextCustomizers = set[org.springframework.boot.test.autoconfigure.actuate.metrics.MetricsExportContextCustomizerFactory$DisableMetricExportContextCustomizer@1d8062d2, org.springframework.boot.test.autoconfigure.properties.PropertyMappingContextCustomizer@4b3fa0b3, org.springframework.boot.test.autoconfigure.web.servlet.WebDriverContextCustomizerFactory$Customizer@636e8cc, [ImportsContextCustomizer@515f4131 key = [org.springframework.boot.test.autoconfigure.web.servlet.MockMvcAutoConfiguration, org.springframework.boot.test.autoconfigure.web.servlet.MockMvcWebClientAutoConfiguration, org.springframework.boot.test.autoconfigure.web.servlet.MockMvcWebDriverAutoConfiguration, org.springframework.boot.autoconfigure.security.oauth2.client.servlet.OAuth2ClientAutoConfiguration, org.springframework.boot.autoconfigure.security.oauth2.resource.servlet.OAuth2ResourceServerAutoConfiguration, org.springframework.boot.autoconfigure.security.servlet.SecurityAutoConfiguration, org.springframework.boot.autoconfigure.security.servlet.SecurityFilterAutoConfiguration, org.springframework.boot.autoconfigure.security.servlet.UserDetailsServiceAutoConfiguration, org.springframework.boot.test.autoconfigure.web.servlet.MockMvcSecurityConfiguration, org.springframework.boot.test.autoconfigure.web.reactive.WebTestClientAutoConfiguration]], org.springframework.boot.test.context.filter.ExcludeFilterContextCustomizer@5b64c4b7, org.springframework.boot.test.json.DuplicateJsonObjectContextCustomizerFactory$DuplicateJsonObjectContextCustomizer@458342d3, org.springframework.boot.test.mock.mockito.MockitoContextCustomizer@0, org.springframework.boot.test.web.client.TestRestTemplateContextCustomizer@83298d7, org.springframework.boot.test.context.SpringBootTestArgs@1, org.springframework.boot.test.context.SpringBootTestWebEnvironment@6692b6c6], resourceBasePath = 'src/main/webapp', contextLoader = 'org.springframework.boot.test.context.SpringBootContextLoader', parent = [null]], attributes = map['org.springframework.test.context.web.ServletTestExecutionListener.activateListener' -> true, 'org.springframework.test.context.web.ServletTestExecutionListener.populatedRequestContextHolder' -> true, 'org.springframework.test.context.web.ServletTestExecutionListener.resetRequestContextHolder' -> true, 'org.springframework.test.context.event.ApplicationEventsTestExecutionListener.recordApplicationEvents' -> false]]; transaction manager [org.springframework.orm.jpa.JpaTransactionManager@2ee949d4]; rollback [true]
Hibernate: 
    select
        user0_.id as id1_11_,
        user0_.credit as credit2_11_,
        user0_.email as email3_11_,
        user0_.password as password4_11_,
        user0_.role as role5_11_,
        user0_.tel as tel6_11_,
        user0_.username as username7_11_ 
    from
        user user0_ 
    where
        user0_.email=?
Hibernate: 
    insert 
    into
        region
        (address, latitude, longitude, place_name) 
    values
        (?, ?, ?, ?)
Hibernate: 
    select
        user0_.id as id1_11_,
        user0_.credit as credit2_11_,
        user0_.email as email3_11_,
        user0_.password as password4_11_,
        user0_.role as role5_11_,
        user0_.tel as tel6_11_,
        user0_.username as username7_11_ 
    from
        user user0_ 
    where
        user0_.email=?
Hibernate: 
    insert 
    into
        carwash
        (des, name, price, rate, r_id, tel, u_id) 
    values
        (?, ?, ?, ?, ?, ?, ?)
Hibernate: 
    insert 
    into
        bay
        (bay_num, bay_type, w_id, status) 
    values
        (?, ?, ?, ?)
today = 2023-10-07
now : 21:16:20.113697
Hibernate: 
    select
        reservatio0_.id as id1_7_0_,
        reservatio0_.b_id as b_id6_7_0_,
        reservatio0_.date as date2_7_0_,
        reservatio0_.end_time as end_time3_7_0_,
        reservatio0_.price as price4_7_0_,
        reservatio0_.start_time as start_ti5_7_0_,
        reservatio0_.u_id as u_id7_7_0_ 
    from
        reservation reservatio0_ 
    where
        reservatio0_.id=?
Hibernate: 
    insert 
    into
        reservation
        (b_id, date, end_time, price, start_time, u_id) 
    values
        (?, ?, ?, ?, ?, ?)
Hibernate: 
    insert 
    into
        reservation
        (b_id, date, end_time, price, start_time, u_id) 
    values
        (?, ?, ?, ?, ?, ?)
Hibernate: 
    insert 
    into
        reservation
        (b_id, date, end_time, price, start_time, u_id) 
    values
        (?, ?, ?, ?, ?, ?)
Hibernate: 
    select
        reservatio0_.id as id1_7_,
        reservatio0_.b_id as b_id6_7_,
        reservatio0_.date as date2_7_,
        reservatio0_.end_time as end_time3_7_,
        reservatio0_.price as price4_7_,
        reservatio0_.start_time as start_ti5_7_,
        reservatio0_.u_id as u_id7_7_ 
    from
        reservation reservatio0_ 
    left outer join
        user user1_ 
            on reservatio0_.u_id=user1_.id 
    where
        user1_.id=?
응답 Body : {"success":true,"response":{"current":[{"date":"2023-10-07","time":{"start":"20:00:00","end":"22:00:00"},"carwashName":"세차장","bayNum":10,"price":4500}],"upcoming":[{"date":"2023-10-08","time":{"start":"10:00:00","end":"11:00:00"},"carwashName":"세차장","bayNum":10,"price":5000}],"completed":[{"date":"2023-10-06","time":{"start":"14:00:00","end":"16:00:00"},"carwashName":"세차장","bayNum":10,"price":4500}]},"error":null}
2023-10-07 21:16:20.330  INFO 67655 --- [    Test worker] o.s.t.c.transaction.TransactionContext   : Rolled back transaction for test: [DefaultTestContext@26f3d90c testClass = ReservationRestControllerTest, testInstance = bdbe.bdbd.reservation.ReservationRestControllerTest@2100b770, testMethod = fetchCurrentStatusReservation_test@ReservationRestControllerTest, testException = [null], mergedContextConfiguration = [WebMergedContextConfiguration@3c49fab6 testClass = ReservationRestControllerTest, locations = '{}', classes = '{class bdbe.bdbd.BdbdApplication}', contextInitializerClasses = '[]', activeProfiles = '{}', propertySourceLocations = '{}', propertySourceProperties = '{org.springframework.boot.test.context.SpringBootTestContextBootstrapper=true}', contextCustomizers = set[org.springframework.boot.test.autoconfigure.actuate.metrics.MetricsExportContextCustomizerFactory$DisableMetricExportContextCustomizer@1d8062d2, org.springframework.boot.test.autoconfigure.properties.PropertyMappingContextCustomizer@4b3fa0b3, org.springframework.boot.test.autoconfigure.web.servlet.WebDriverContextCustomizerFactory$Customizer@636e8cc, [ImportsContextCustomizer@515f4131 key = [org.springframework.boot.test.autoconfigure.web.servlet.MockMvcAutoConfiguration, org.springframework.boot.test.autoconfigure.web.servlet.MockMvcWebClientAutoConfiguration, org.springframework.boot.test.autoconfigure.web.servlet.MockMvcWebDriverAutoConfiguration, org.springframework.boot.autoconfigure.security.oauth2.client.servlet.OAuth2ClientAutoConfiguration, org.springframework.boot.autoconfigure.security.oauth2.resource.servlet.OAuth2ResourceServerAutoConfiguration, org.springframework.boot.autoconfigure.security.servlet.SecurityAutoConfiguration, org.springframework.boot.autoconfigure.security.servlet.SecurityFilterAutoConfiguration, org.springframework.boot.autoconfigure.security.servlet.UserDetailsServiceAutoConfiguration, org.springframework.boot.test.autoconfigure.web.servlet.MockMvcSecurityConfiguration, org.springframework.boot.test.autoconfigure.web.reactive.WebTestClientAutoConfiguration]], org.springframework.boot.test.context.filter.ExcludeFilterContextCustomizer@5b64c4b7, org.springframework.boot.test.json.DuplicateJsonObjectContextCustomizerFactory$DuplicateJsonObjectContextCustomizer@458342d3, org.springframework.boot.test.mock.mockito.MockitoContextCustomizer@0, org.springframework.boot.test.web.client.TestRestTemplateContextCustomizer@83298d7, org.springframework.boot.test.context.SpringBootTestArgs@1, org.springframework.boot.test.context.SpringBootTestWebEnvironment@6692b6c6], resourceBasePath = 'src/main/webapp', contextLoader = 'org.springframework.boot.test.context.SpringBootContextLoader', parent = [null]], attributes = map['org.springframework.test.context.web.ServletTestExecutionListener.activateListener' -> true, 'org.springframework.test.context.web.ServletTestExecutionListener.populatedRequestContextHolder' -> true, 'org.springframework.test.context.web.ServletTestExecutionListener.resetRequestContextHolder' -> true, 'org.springframework.test.context.event.ApplicationEventsTestExecutionListener.recordApplicationEvents' -> false]]
]]></system-out>
  <system-err><![CDATA[]]></system-err>
</testsuite>
