<?xml version="1.0" encoding="UTF-8"?>
<testsuite name="bdbe.bdbd.reservation.ReservationRestControllerTest" tests="3" skipped="0" failures="0" errors="0" timestamp="2023-10-07T09:58:53" hostname="MacBook-Pro.local" time="0.92">
  <properties/>
  <testcase name="세차장별 예약 조회 내역 기능" classname="bdbe.bdbd.reservation.ReservationRestControllerTest" time="0.476"/>
  <testcase name="예약 기능" classname="bdbe.bdbd.reservation.ReservationRestControllerTest" time="0.267"/>
  <testcase name="결제 후 예약 내역 조회" classname="bdbe.bdbd.reservation.ReservationRestControllerTest" time="0.174"/>
  <system-out><![CDATA[18:58:47.598 [Test worker] DEBUG org.springframework.test.context.BootstrapUtils - Instantiating CacheAwareContextLoaderDelegate from class [org.springframework.test.context.cache.DefaultCacheAwareContextLoaderDelegate]
18:58:47.605 [Test worker] DEBUG org.springframework.test.context.BootstrapUtils - Instantiating BootstrapContext using constructor [public org.springframework.test.context.support.DefaultBootstrapContext(java.lang.Class,org.springframework.test.context.CacheAwareContextLoaderDelegate)]
18:58:47.646 [Test worker] DEBUG org.springframework.test.context.BootstrapUtils - Instantiating TestContextBootstrapper for test class [bdbe.bdbd.reservation.ReservationRestControllerTest] from class [org.springframework.boot.test.context.SpringBootTestContextBootstrapper]
18:58:47.656 [Test worker] INFO org.springframework.boot.test.context.SpringBootTestContextBootstrapper - Neither @ContextConfiguration nor @ContextHierarchy found for test class [bdbe.bdbd.reservation.ReservationRestControllerTest], using SpringBootContextLoader
18:58:47.660 [Test worker] DEBUG org.springframework.test.context.support.AbstractContextLoader - Did not detect default resource location for test class [bdbe.bdbd.reservation.ReservationRestControllerTest]: class path resource [bdbe/bdbd/reservation/ReservationRestControllerTest-context.xml] does not exist
18:58:47.660 [Test worker] DEBUG org.springframework.test.context.support.AbstractContextLoader - Did not detect default resource location for test class [bdbe.bdbd.reservation.ReservationRestControllerTest]: class path resource [bdbe/bdbd/reservation/ReservationRestControllerTestContext.groovy] does not exist
18:58:47.661 [Test worker] INFO org.springframework.test.context.support.AbstractContextLoader - Could not detect default resource locations for test class [bdbe.bdbd.reservation.ReservationRestControllerTest]: no resource found for suffixes {-context.xml, Context.groovy}.
18:58:47.661 [Test worker] INFO org.springframework.test.context.support.AnnotationConfigContextLoaderUtils - Could not detect default configuration classes for test class [bdbe.bdbd.reservation.ReservationRestControllerTest]: ReservationRestControllerTest does not declare any static, non-private, non-final, nested classes annotated with @Configuration.
18:58:47.715 [Test worker] DEBUG org.springframework.test.context.support.ActiveProfilesUtils - Could not find an 'annotation declaring class' for annotation type [org.springframework.test.context.ActiveProfiles] and class [bdbe.bdbd.reservation.ReservationRestControllerTest]
18:58:47.766 [Test worker] DEBUG org.springframework.context.annotation.ClassPathScanningCandidateComponentProvider - Identified candidate component class: file [/Users/mae/Desktop/KTC/3단계/Team10_BE/build/classes/java/main/bdbe/bdbd/BdbdApplication.class]
18:58:47.767 [Test worker] INFO org.springframework.boot.test.context.SpringBootTestContextBootstrapper - Found @SpringBootConfiguration bdbe.bdbd.BdbdApplication for test class bdbe.bdbd.reservation.ReservationRestControllerTest
18:58:47.821 [Test worker] DEBUG org.springframework.boot.test.context.SpringBootTestContextBootstrapper - @TestExecutionListeners is not present for class [bdbe.bdbd.reservation.ReservationRestControllerTest]: using defaults.
18:58:47.821 [Test worker] INFO org.springframework.boot.test.context.SpringBootTestContextBootstrapper - Loaded default TestExecutionListener class names from location [META-INF/spring.factories]: [org.springframework.security.test.context.support.WithSecurityContextTestExecutionListener, org.springframework.security.test.context.support.ReactorContextTestExecutionListener, org.springframework.boot.test.autoconfigure.restdocs.RestDocsTestExecutionListener, org.springframework.boot.test.autoconfigure.web.client.MockRestServiceServerResetTestExecutionListener, org.springframework.boot.test.autoconfigure.web.servlet.MockMvcPrintOnlyOnFailureTestExecutionListener, org.springframework.boot.test.autoconfigure.web.servlet.WebDriverTestExecutionListener, org.springframework.boot.test.autoconfigure.webservices.client.MockWebServiceServerTestExecutionListener, org.springframework.boot.test.mock.mockito.MockitoTestExecutionListener, org.springframework.boot.test.mock.mockito.ResetMocksTestExecutionListener, org.springframework.test.context.web.ServletTestExecutionListener, org.springframework.test.context.support.DirtiesContextBeforeModesTestExecutionListener, org.springframework.test.context.event.ApplicationEventsTestExecutionListener, org.springframework.test.context.support.DependencyInjectionTestExecutionListener, org.springframework.test.context.support.DirtiesContextTestExecutionListener, org.springframework.test.context.transaction.TransactionalTestExecutionListener, org.springframework.test.context.jdbc.SqlScriptsTestExecutionListener, org.springframework.test.context.event.EventPublishingTestExecutionListener]
18:58:47.842 [Test worker] INFO org.springframework.boot.test.context.SpringBootTestContextBootstrapper - Using TestExecutionListeners: [org.springframework.test.context.web.ServletTestExecutionListener@1db0ec27, org.springframework.test.context.support.DirtiesContextBeforeModesTestExecutionListener@3d9fc57a, org.springframework.test.context.event.ApplicationEventsTestExecutionListener@d4ab71a, org.springframework.boot.test.mock.mockito.MockitoTestExecutionListener@3b4ef7, org.springframework.boot.test.autoconfigure.SpringBootDependencyInjectionTestExecutionListener@1af05b03, org.springframework.test.context.support.DirtiesContextTestExecutionListener@5987e932, org.springframework.test.context.transaction.TransactionalTestExecutionListener@1ad777f, org.springframework.test.context.jdbc.SqlScriptsTestExecutionListener@5bbbdd4b, org.springframework.security.test.context.support.WithSecurityContextTestExecutionListener@438bad7c, org.springframework.test.context.event.EventPublishingTestExecutionListener@25230246, org.springframework.security.test.context.support.ReactorContextTestExecutionListener@4fdf8f12, org.springframework.boot.test.autoconfigure.restdocs.RestDocsTestExecutionListener@4a8b5227, org.springframework.boot.test.autoconfigure.web.client.MockRestServiceServerResetTestExecutionListener@54f5f647, org.springframework.boot.test.autoconfigure.web.servlet.MockMvcPrintOnlyOnFailureTestExecutionListener@6979efad, org.springframework.boot.test.autoconfigure.web.servlet.WebDriverTestExecutionListener@5a6d5a8f, org.springframework.boot.test.autoconfigure.webservices.client.MockWebServiceServerTestExecutionListener@4a67318f, org.springframework.boot.test.mock.mockito.ResetMocksTestExecutionListener@315ba14a]
18:58:47.846 [Test worker] DEBUG org.springframework.test.context.support.AbstractDirtiesContextTestExecutionListener - Before test class: context [DefaultTestContext@199e4c2b testClass = ReservationRestControllerTest, testInstance = [null], testMethod = [null], testException = [null], mergedContextConfiguration = [WebMergedContextConfiguration@6e0d4a8 testClass = ReservationRestControllerTest, locations = '{}', classes = '{class bdbe.bdbd.BdbdApplication}', contextInitializerClasses = '[]', activeProfiles = '{}', propertySourceLocations = '{}', propertySourceProperties = '{org.springframework.boot.test.context.SpringBootTestContextBootstrapper=true}', contextCustomizers = set[org.springframework.boot.test.autoconfigure.actuate.metrics.MetricsExportContextCustomizerFactory$DisableMetricExportContextCustomizer@5bfa8cc5, org.springframework.boot.test.autoconfigure.properties.PropertyMappingContextCustomizer@4b3fa0b3, org.springframework.boot.test.autoconfigure.web.servlet.WebDriverContextCustomizerFactory$Customizer@7894f09b, [ImportsContextCustomizer@64d7b720 key = [org.springframework.boot.test.autoconfigure.web.servlet.MockMvcAutoConfiguration, org.springframework.boot.test.autoconfigure.web.servlet.MockMvcWebClientAutoConfiguration, org.springframework.boot.test.autoconfigure.web.servlet.MockMvcWebDriverAutoConfiguration, org.springframework.boot.autoconfigure.security.oauth2.client.servlet.OAuth2ClientAutoConfiguration, org.springframework.boot.autoconfigure.security.oauth2.resource.servlet.OAuth2ResourceServerAutoConfiguration, org.springframework.boot.autoconfigure.security.servlet.SecurityAutoConfiguration, org.springframework.boot.autoconfigure.security.servlet.SecurityFilterAutoConfiguration, org.springframework.boot.autoconfigure.security.servlet.UserDetailsServiceAutoConfiguration, org.springframework.boot.test.autoconfigure.web.servlet.MockMvcSecurityConfiguration, org.springframework.boot.test.autoconfigure.web.reactive.WebTestClientAutoConfiguration]], org.springframework.boot.test.context.filter.ExcludeFilterContextCustomizer@26a4842b, org.springframework.boot.test.json.DuplicateJsonObjectContextCustomizerFactory$DuplicateJsonObjectContextCustomizer@a5b0b86, org.springframework.boot.test.mock.mockito.MockitoContextCustomizer@0, org.springframework.boot.test.web.client.TestRestTemplateContextCustomizer@2dbf4cbd, org.springframework.boot.test.context.SpringBootTestArgs@1, org.springframework.boot.test.context.SpringBootTestWebEnvironment@5456afaa], resourceBasePath = 'src/main/webapp', contextLoader = 'org.springframework.boot.test.context.SpringBootContextLoader', parent = [null]], attributes = map['org.springframework.test.context.web.ServletTestExecutionListener.activateListener' -> true]], class annotated with @DirtiesContext [false] with mode [null].

  .   ____          _            __ _ _
 /\\ / ___'_ __ _ _(_)_ __  __ _ \ \ \ \
( ( )\___ | '_ | '_| | '_ \/ _` | \ \ \ \
 \\/  ___)| |_)| | | | | || (_| |  ) ) ) )
  '  |____| .__|_| |_|_| |_\__, | / / / /
 =========|_|==============|___/=/_/_/_/
 :: Spring Boot ::                (v2.7.6)

2023-10-07 18:58:48.136  INFO 64957 --- [    Test worker] b.b.r.ReservationRestControllerTest      : Starting ReservationRestControllerTest using Java 11.0.17 on MacBook-Pro.local with PID 64957 (started by mae in /Users/mae/Desktop/KTC/3단계/Team10_BE)
2023-10-07 18:58:48.138  INFO 64957 --- [    Test worker] b.b.r.ReservationRestControllerTest      : No active profile set, falling back to 1 default profile: "dev"
2023-10-07 18:58:48.874  INFO 64957 --- [    Test worker] .s.d.r.c.RepositoryConfigurationDelegate : Bootstrapping Spring Data JPA repositories in DEFAULT mode.
2023-10-07 18:58:48.935  INFO 64957 --- [    Test worker] .s.d.r.c.RepositoryConfigurationDelegate : Finished Spring Data repository scanning in 56 ms. Found 11 JPA repository interfaces.
2023-10-07 18:58:49.502  INFO 64957 --- [    Test worker] o.hibernate.jpa.internal.util.LogHelper  : HHH000204: Processing PersistenceUnitInfo [name: default]
2023-10-07 18:58:49.547  INFO 64957 --- [    Test worker] org.hibernate.Version                    : HHH000412: Hibernate ORM core version 5.6.14.Final
2023-10-07 18:58:49.677  INFO 64957 --- [    Test worker] o.hibernate.annotations.common.Version   : HCANN000001: Hibernate Commons Annotations {5.1.2.Final}
2023-10-07 18:58:49.748  INFO 64957 --- [    Test worker] com.zaxxer.hikari.HikariDataSource       : HikariPool-1 - Starting...
2023-10-07 18:58:50.192  INFO 64957 --- [    Test worker] com.zaxxer.hikari.HikariDataSource       : HikariPool-1 - Start completed.
2023-10-07 18:58:50.214  INFO 64957 --- [    Test worker] org.hibernate.dialect.Dialect            : HHH000400: Using dialect: org.hibernate.dialect.MySQL8Dialect
2023-10-07 18:58:51.671  INFO 64957 --- [    Test worker] o.h.e.t.j.p.i.JtaPlatformInitiator       : HHH000490: Using JtaPlatform implementation: [org.hibernate.engine.transaction.jta.platform.internal.NoJtaPlatform]
2023-10-07 18:58:51.677  INFO 64957 --- [    Test worker] j.LocalContainerEntityManagerFactoryBean : Initialized JPA EntityManagerFactory for persistence unit 'default'
2023-10-07 18:58:53.004  INFO 64957 --- [    Test worker] o.s.s.web.DefaultSecurityFilterChain     : Will secure any request with [org.springframework.security.web.session.DisableEncodeUrlFilter@6441cff1, org.springframework.security.web.context.request.async.WebAsyncManagerIntegrationFilter@1dc987b, org.springframework.security.web.context.SecurityContextPersistenceFilter@345d4ecb, org.springframework.security.web.header.HeaderWriterFilter@1b9cfc19, org.springframework.web.filter.CorsFilter@4f09d998, org.springframework.security.web.authentication.logout.LogoutFilter@37c49a55, bdbe.bdbd._core.errors.security.JwtAuthenticationFilter@cbd3871, org.springframework.security.web.savedrequest.RequestCacheAwareFilter@554db19d, org.springframework.security.web.servletapi.SecurityContextHolderAwareRequestFilter@bb896e9, org.springframework.security.web.authentication.AnonymousAuthenticationFilter@66694050, org.springframework.security.web.session.SessionManagementFilter@2fda92e0, org.springframework.security.web.access.ExceptionTranslationFilter@1d7f2719, org.springframework.security.web.access.intercept.FilterSecurityInterceptor@3aebdb4]
2023-10-07 18:58:53.166  WARN 64957 --- [    Test worker] JpaBaseConfiguration$JpaWebConfiguration : spring.jpa.open-in-view is enabled by default. Therefore, database queries may be performed during view rendering. Explicitly configure spring.jpa.open-in-view to disable this warning
2023-10-07 18:58:53.638  INFO 64957 --- [    Test worker] o.s.b.t.m.w.SpringBootMockServletContext : Initializing Spring TestDispatcherServlet ''
2023-10-07 18:58:53.638  INFO 64957 --- [    Test worker] o.s.t.web.servlet.TestDispatcherServlet  : Initializing Servlet ''
2023-10-07 18:58:53.639  INFO 64957 --- [    Test worker] o.s.t.web.servlet.TestDispatcherServlet  : Completed initialization in 1 ms
2023-10-07 18:58:53.653  INFO 64957 --- [    Test worker] b.b.r.ReservationRestControllerTest      : Started ReservationRestControllerTest in 5.784 seconds (JVM running for 6.672)
2023-10-07 18:58:53.702  INFO 64957 --- [    Test worker] o.s.t.c.transaction.TransactionContext   : Began transaction (1) for test context [DefaultTestContext@199e4c2b testClass = ReservationRestControllerTest, testInstance = bdbe.bdbd.reservation.ReservationRestControllerTest@5cb42eb2, testMethod = findAllByCarwash_test@ReservationRestControllerTest, testException = [null], mergedContextConfiguration = [WebMergedContextConfiguration@6e0d4a8 testClass = ReservationRestControllerTest, locations = '{}', classes = '{class bdbe.bdbd.BdbdApplication}', contextInitializerClasses = '[]', activeProfiles = '{}', propertySourceLocations = '{}', propertySourceProperties = '{org.springframework.boot.test.context.SpringBootTestContextBootstrapper=true}', contextCustomizers = set[org.springframework.boot.test.autoconfigure.actuate.metrics.MetricsExportContextCustomizerFactory$DisableMetricExportContextCustomizer@5bfa8cc5, org.springframework.boot.test.autoconfigure.properties.PropertyMappingContextCustomizer@4b3fa0b3, org.springframework.boot.test.autoconfigure.web.servlet.WebDriverContextCustomizerFactory$Customizer@7894f09b, [ImportsContextCustomizer@64d7b720 key = [org.springframework.boot.test.autoconfigure.web.servlet.MockMvcAutoConfiguration, org.springframework.boot.test.autoconfigure.web.servlet.MockMvcWebClientAutoConfiguration, org.springframework.boot.test.autoconfigure.web.servlet.MockMvcWebDriverAutoConfiguration, org.springframework.boot.autoconfigure.security.oauth2.client.servlet.OAuth2ClientAutoConfiguration, org.springframework.boot.autoconfigure.security.oauth2.resource.servlet.OAuth2ResourceServerAutoConfiguration, org.springframework.boot.autoconfigure.security.servlet.SecurityAutoConfiguration, org.springframework.boot.autoconfigure.security.servlet.SecurityFilterAutoConfiguration, org.springframework.boot.autoconfigure.security.servlet.UserDetailsServiceAutoConfiguration, org.springframework.boot.test.autoconfigure.web.servlet.MockMvcSecurityConfiguration, org.springframework.boot.test.autoconfigure.web.reactive.WebTestClientAutoConfiguration]], org.springframework.boot.test.context.filter.ExcludeFilterContextCustomizer@26a4842b, org.springframework.boot.test.json.DuplicateJsonObjectContextCustomizerFactory$DuplicateJsonObjectContextCustomizer@a5b0b86, org.springframework.boot.test.mock.mockito.MockitoContextCustomizer@0, org.springframework.boot.test.web.client.TestRestTemplateContextCustomizer@2dbf4cbd, org.springframework.boot.test.context.SpringBootTestArgs@1, org.springframework.boot.test.context.SpringBootTestWebEnvironment@5456afaa], resourceBasePath = 'src/main/webapp', contextLoader = 'org.springframework.boot.test.context.SpringBootContextLoader', parent = [null]], attributes = map['org.springframework.test.context.web.ServletTestExecutionListener.activateListener' -> true, 'org.springframework.test.context.web.ServletTestExecutionListener.populatedRequestContextHolder' -> true, 'org.springframework.test.context.web.ServletTestExecutionListener.resetRequestContextHolder' -> true, 'org.springframework.test.context.event.ApplicationEventsTestExecutionListener.recordApplicationEvents' -> false]]; transaction manager [org.springframework.orm.jpa.JpaTransactionManager@240a717d]; rollback [true]
Hibernate: 
    select
        user0_.id as id1_11_,
        user0_.credit as credit2_11_,
        user0_.email as email3_11_,
        user0_.password as password4_11_,
        user0_.role as role5_11_,
        user0_.tel as tel6_11_,
        user0_.username as username7_11_ 
    from
        user user0_ 
    where
        user0_.email=?
Hibernate: 
    select
        carwash0_.id as id1_1_,
        carwash0_.des as des2_1_,
        carwash0_.name as name3_1_,
        carwash0_.price as price4_1_,
        carwash0_.rate as rate5_1_,
        carwash0_.r_id as r_id7_1_,
        carwash0_.tel as tel6_1_,
        carwash0_.u_id as u_id8_1_ 
    from
        carwash carwash0_ limit ?
Hibernate: 
    select
        region0_.id as id1_6_0_,
        region0_.address as address2_6_0_,
        region0_.latitude as latitude3_6_0_,
        region0_.longitude as longitud4_6_0_,
        region0_.place_name as place_na5_6_0_ 
    from
        region region0_ 
    where
        region0_.id=?
Hibernate: 
    insert 
    into
        bay
        (bay_num, bay_type, w_id, status) 
    values
        (?, ?, ?, ?)
Hibernate: 
    select
        user0_.id as id1_11_,
        user0_.credit as credit2_11_,
        user0_.email as email3_11_,
        user0_.password as password4_11_,
        user0_.role as role5_11_,
        user0_.tel as tel6_11_,
        user0_.username as username7_11_ 
    from
        user user0_ 
    where
        user0_.email=?
Hibernate: 
    insert 
    into
        reservation
        (b_id, date, end_time, price, start_time, u_id) 
    values
        (?, ?, ?, ?, ?, ?)
Hibernate: 
    insert 
    into
        reservation
        (b_id, date, end_time, price, start_time, u_id) 
    values
        (?, ?, ?, ?, ?, ?)
Hibernate: 
    select
        bay0_.id as id1_0_,
        bay0_.bay_num as bay_num2_0_,
        bay0_.bay_type as bay_type3_0_,
        bay0_.w_id as w_id5_0_,
        bay0_.status as status4_0_ 
    from
        bay bay0_ 
    left outer join
        carwash carwash1_ 
            on bay0_.w_id=carwash1_.id 
    where
        carwash1_.id=?
Hibernate: 
    select
        bay0_.id as col_0_0_ 
    from
        bay bay0_ 
    where
        bay0_.w_id=?
Hibernate: 
    select
        reservatio0_.id as id1_7_,
        reservatio0_.b_id as b_id6_7_,
        reservatio0_.date as date2_7_,
        reservatio0_.end_time as end_time3_7_,
        reservatio0_.price as price4_7_,
        reservatio0_.start_time as start_ti5_7_,
        reservatio0_.u_id as u_id7_7_ 
    from
        reservation reservatio0_ 
    left outer join
        bay bay1_ 
            on reservatio0_.b_id=bay1_.id 
    where
        bay1_.id in (
            ? , ?
        )
응답 Body : {"success":true,"response":{"bayList":[{"bayId":7,"bayNo":1,"bayBookedTime":[]},{"bayId":11,"bayNo":10,"bayBookedTime":[{"startTime":"10:00:00","endTime":"11:00:00"},{"startTime":"14:00:00","endTime":"16:00:00"}]}]},"error":null}
2023-10-07 18:58:54.140  INFO 64957 --- [    Test worker] o.s.t.c.transaction.TransactionContext   : Rolled back transaction for test: [DefaultTestContext@199e4c2b testClass = ReservationRestControllerTest, testInstance = bdbe.bdbd.reservation.ReservationRestControllerTest@5cb42eb2, testMethod = findAllByCarwash_test@ReservationRestControllerTest, testException = [null], mergedContextConfiguration = [WebMergedContextConfiguration@6e0d4a8 testClass = ReservationRestControllerTest, locations = '{}', classes = '{class bdbe.bdbd.BdbdApplication}', contextInitializerClasses = '[]', activeProfiles = '{}', propertySourceLocations = '{}', propertySourceProperties = '{org.springframework.boot.test.context.SpringBootTestContextBootstrapper=true}', contextCustomizers = set[org.springframework.boot.test.autoconfigure.actuate.metrics.MetricsExportContextCustomizerFactory$DisableMetricExportContextCustomizer@5bfa8cc5, org.springframework.boot.test.autoconfigure.properties.PropertyMappingContextCustomizer@4b3fa0b3, org.springframework.boot.test.autoconfigure.web.servlet.WebDriverContextCustomizerFactory$Customizer@7894f09b, [ImportsContextCustomizer@64d7b720 key = [org.springframework.boot.test.autoconfigure.web.servlet.MockMvcAutoConfiguration, org.springframework.boot.test.autoconfigure.web.servlet.MockMvcWebClientAutoConfiguration, org.springframework.boot.test.autoconfigure.web.servlet.MockMvcWebDriverAutoConfiguration, org.springframework.boot.autoconfigure.security.oauth2.client.servlet.OAuth2ClientAutoConfiguration, org.springframework.boot.autoconfigure.security.oauth2.resource.servlet.OAuth2ResourceServerAutoConfiguration, org.springframework.boot.autoconfigure.security.servlet.SecurityAutoConfiguration, org.springframework.boot.autoconfigure.security.servlet.SecurityFilterAutoConfiguration, org.springframework.boot.autoconfigure.security.servlet.UserDetailsServiceAutoConfiguration, org.springframework.boot.test.autoconfigure.web.servlet.MockMvcSecurityConfiguration, org.springframework.boot.test.autoconfigure.web.reactive.WebTestClientAutoConfiguration]], org.springframework.boot.test.context.filter.ExcludeFilterContextCustomizer@26a4842b, org.springframework.boot.test.json.DuplicateJsonObjectContextCustomizerFactory$DuplicateJsonObjectContextCustomizer@a5b0b86, org.springframework.boot.test.mock.mockito.MockitoContextCustomizer@0, org.springframework.boot.test.web.client.TestRestTemplateContextCustomizer@2dbf4cbd, org.springframework.boot.test.context.SpringBootTestArgs@1, org.springframework.boot.test.context.SpringBootTestWebEnvironment@5456afaa], resourceBasePath = 'src/main/webapp', contextLoader = 'org.springframework.boot.test.context.SpringBootContextLoader', parent = [null]], attributes = map['org.springframework.test.context.web.ServletTestExecutionListener.activateListener' -> true, 'org.springframework.test.context.web.ServletTestExecutionListener.populatedRequestContextHolder' -> true, 'org.springframework.test.context.web.ServletTestExecutionListener.resetRequestContextHolder' -> true, 'org.springframework.test.context.event.ApplicationEventsTestExecutionListener.recordApplicationEvents' -> false]]
2023-10-07 18:58:54.160  INFO 64957 --- [    Test worker] o.s.t.c.transaction.TransactionContext   : Began transaction (1) for test context [DefaultTestContext@199e4c2b testClass = ReservationRestControllerTest, testInstance = bdbe.bdbd.reservation.ReservationRestControllerTest@6fe43257, testMethod = save_test@ReservationRestControllerTest, testException = [null], mergedContextConfiguration = [WebMergedContextConfiguration@6e0d4a8 testClass = ReservationRestControllerTest, locations = '{}', classes = '{class bdbe.bdbd.BdbdApplication}', contextInitializerClasses = '[]', activeProfiles = '{}', propertySourceLocations = '{}', propertySourceProperties = '{org.springframework.boot.test.context.SpringBootTestContextBootstrapper=true}', contextCustomizers = set[org.springframework.boot.test.autoconfigure.actuate.metrics.MetricsExportContextCustomizerFactory$DisableMetricExportContextCustomizer@5bfa8cc5, org.springframework.boot.test.autoconfigure.properties.PropertyMappingContextCustomizer@4b3fa0b3, org.springframework.boot.test.autoconfigure.web.servlet.WebDriverContextCustomizerFactory$Customizer@7894f09b, [ImportsContextCustomizer@64d7b720 key = [org.springframework.boot.test.autoconfigure.web.servlet.MockMvcAutoConfiguration, org.springframework.boot.test.autoconfigure.web.servlet.MockMvcWebClientAutoConfiguration, org.springframework.boot.test.autoconfigure.web.servlet.MockMvcWebDriverAutoConfiguration, org.springframework.boot.autoconfigure.security.oauth2.client.servlet.OAuth2ClientAutoConfiguration, org.springframework.boot.autoconfigure.security.oauth2.resource.servlet.OAuth2ResourceServerAutoConfiguration, org.springframework.boot.autoconfigure.security.servlet.SecurityAutoConfiguration, org.springframework.boot.autoconfigure.security.servlet.SecurityFilterAutoConfiguration, org.springframework.boot.autoconfigure.security.servlet.UserDetailsServiceAutoConfiguration, org.springframework.boot.test.autoconfigure.web.servlet.MockMvcSecurityConfiguration, org.springframework.boot.test.autoconfigure.web.reactive.WebTestClientAutoConfiguration]], org.springframework.boot.test.context.filter.ExcludeFilterContextCustomizer@26a4842b, org.springframework.boot.test.json.DuplicateJsonObjectContextCustomizerFactory$DuplicateJsonObjectContextCustomizer@a5b0b86, org.springframework.boot.test.mock.mockito.MockitoContextCustomizer@0, org.springframework.boot.test.web.client.TestRestTemplateContextCustomizer@2dbf4cbd, org.springframework.boot.test.context.SpringBootTestArgs@1, org.springframework.boot.test.context.SpringBootTestWebEnvironment@5456afaa], resourceBasePath = 'src/main/webapp', contextLoader = 'org.springframework.boot.test.context.SpringBootContextLoader', parent = [null]], attributes = map['org.springframework.test.context.web.ServletTestExecutionListener.activateListener' -> true, 'org.springframework.test.context.web.ServletTestExecutionListener.populatedRequestContextHolder' -> true, 'org.springframework.test.context.web.ServletTestExecutionListener.resetRequestContextHolder' -> true, 'org.springframework.test.context.event.ApplicationEventsTestExecutionListener.recordApplicationEvents' -> false]]; transaction manager [org.springframework.orm.jpa.JpaTransactionManager@240a717d]; rollback [true]
Hibernate: 
    select
        user0_.id as id1_11_,
        user0_.credit as credit2_11_,
        user0_.email as email3_11_,
        user0_.password as password4_11_,
        user0_.role as role5_11_,
        user0_.tel as tel6_11_,
        user0_.username as username7_11_ 
    from
        user user0_ 
    where
        user0_.email=?
Hibernate: 
    select
        carwash0_.id as id1_1_,
        carwash0_.des as des2_1_,
        carwash0_.name as name3_1_,
        carwash0_.price as price4_1_,
        carwash0_.rate as rate5_1_,
        carwash0_.r_id as r_id7_1_,
        carwash0_.tel as tel6_1_,
        carwash0_.u_id as u_id8_1_ 
    from
        carwash carwash0_ limit ?
Hibernate: 
    select
        region0_.id as id1_6_0_,
        region0_.address as address2_6_0_,
        region0_.latitude as latitude3_6_0_,
        region0_.longitude as longitud4_6_0_,
        region0_.place_name as place_na5_6_0_ 
    from
        region region0_ 
    where
        region0_.id=?
carwashId : 7
Hibernate: 
    select
        bay0_.id as id1_0_,
        bay0_.bay_num as bay_num2_0_,
        bay0_.bay_type as bay_type3_0_,
        bay0_.w_id as w_id5_0_,
        bay0_.status as status4_0_ 
    from
        bay bay0_ limit ?
bayId : 7
Hibernate: 
    insert 
    into
        reservation
        (b_id, date, end_time, price, start_time, u_id) 
    values
        (?, ?, ?, ?, ?, ?)
응답 Body : {"success":true,"response":null,"error":null}
Hibernate: 
    select
        user0_.id as id1_11_,
        user0_.credit as credit2_11_,
        user0_.email as email3_11_,
        user0_.password as password4_11_,
        user0_.role as role5_11_,
        user0_.tel as tel6_11_,
        user0_.username as username7_11_ 
    from
        user user0_ 
    where
        user0_.email=?
Hibernate: 
    select
        reservatio0_.id as id1_7_,
        reservatio0_.b_id as b_id6_7_,
        reservatio0_.date as date2_7_,
        reservatio0_.end_time as end_time3_7_,
        reservatio0_.price as price4_7_,
        reservatio0_.start_time as start_ti5_7_,
        reservatio0_.u_id as u_id7_7_ 
    from
        reservation reservatio0_
Reservation(id=15, price=200, date=2023-10-07, startTime=10:00, endTime=11:00, bay=bdbe.bdbd.bay.Bay@5b1f32e2, user=bdbe.bdbd.user.User@31a1b37b)
2023-10-07 18:58:54.412  INFO 64957 --- [    Test worker] o.s.t.c.transaction.TransactionContext   : Rolled back transaction for test: [DefaultTestContext@199e4c2b testClass = ReservationRestControllerTest, testInstance = bdbe.bdbd.reservation.ReservationRestControllerTest@6fe43257, testMethod = save_test@ReservationRestControllerTest, testException = [null], mergedContextConfiguration = [WebMergedContextConfiguration@6e0d4a8 testClass = ReservationRestControllerTest, locations = '{}', classes = '{class bdbe.bdbd.BdbdApplication}', contextInitializerClasses = '[]', activeProfiles = '{}', propertySourceLocations = '{}', propertySourceProperties = '{org.springframework.boot.test.context.SpringBootTestContextBootstrapper=true}', contextCustomizers = set[org.springframework.boot.test.autoconfigure.actuate.metrics.MetricsExportContextCustomizerFactory$DisableMetricExportContextCustomizer@5bfa8cc5, org.springframework.boot.test.autoconfigure.properties.PropertyMappingContextCustomizer@4b3fa0b3, org.springframework.boot.test.autoconfigure.web.servlet.WebDriverContextCustomizerFactory$Customizer@7894f09b, [ImportsContextCustomizer@64d7b720 key = [org.springframework.boot.test.autoconfigure.web.servlet.MockMvcAutoConfiguration, org.springframework.boot.test.autoconfigure.web.servlet.MockMvcWebClientAutoConfiguration, org.springframework.boot.test.autoconfigure.web.servlet.MockMvcWebDriverAutoConfiguration, org.springframework.boot.autoconfigure.security.oauth2.client.servlet.OAuth2ClientAutoConfiguration, org.springframework.boot.autoconfigure.security.oauth2.resource.servlet.OAuth2ResourceServerAutoConfiguration, org.springframework.boot.autoconfigure.security.servlet.SecurityAutoConfiguration, org.springframework.boot.autoconfigure.security.servlet.SecurityFilterAutoConfiguration, org.springframework.boot.autoconfigure.security.servlet.UserDetailsServiceAutoConfiguration, org.springframework.boot.test.autoconfigure.web.servlet.MockMvcSecurityConfiguration, org.springframework.boot.test.autoconfigure.web.reactive.WebTestClientAutoConfiguration]], org.springframework.boot.test.context.filter.ExcludeFilterContextCustomizer@26a4842b, org.springframework.boot.test.json.DuplicateJsonObjectContextCustomizerFactory$DuplicateJsonObjectContextCustomizer@a5b0b86, org.springframework.boot.test.mock.mockito.MockitoContextCustomizer@0, org.springframework.boot.test.web.client.TestRestTemplateContextCustomizer@2dbf4cbd, org.springframework.boot.test.context.SpringBootTestArgs@1, org.springframework.boot.test.context.SpringBootTestWebEnvironment@5456afaa], resourceBasePath = 'src/main/webapp', contextLoader = 'org.springframework.boot.test.context.SpringBootContextLoader', parent = [null]], attributes = map['org.springframework.test.context.web.ServletTestExecutionListener.activateListener' -> true, 'org.springframework.test.context.web.ServletTestExecutionListener.populatedRequestContextHolder' -> true, 'org.springframework.test.context.web.ServletTestExecutionListener.resetRequestContextHolder' -> true, 'org.springframework.test.context.event.ApplicationEventsTestExecutionListener.recordApplicationEvents' -> false]]
2023-10-07 18:58:54.427  INFO 64957 --- [    Test worker] o.s.t.c.transaction.TransactionContext   : Began transaction (1) for test context [DefaultTestContext@199e4c2b testClass = ReservationRestControllerTest, testInstance = bdbe.bdbd.reservation.ReservationRestControllerTest@72de1d86, testMethod = fetchLatestReservation_test@ReservationRestControllerTest, testException = [null], mergedContextConfiguration = [WebMergedContextConfiguration@6e0d4a8 testClass = ReservationRestControllerTest, locations = '{}', classes = '{class bdbe.bdbd.BdbdApplication}', contextInitializerClasses = '[]', activeProfiles = '{}', propertySourceLocations = '{}', propertySourceProperties = '{org.springframework.boot.test.context.SpringBootTestContextBootstrapper=true}', contextCustomizers = set[org.springframework.boot.test.autoconfigure.actuate.metrics.MetricsExportContextCustomizerFactory$DisableMetricExportContextCustomizer@5bfa8cc5, org.springframework.boot.test.autoconfigure.properties.PropertyMappingContextCustomizer@4b3fa0b3, org.springframework.boot.test.autoconfigure.web.servlet.WebDriverContextCustomizerFactory$Customizer@7894f09b, [ImportsContextCustomizer@64d7b720 key = [org.springframework.boot.test.autoconfigure.web.servlet.MockMvcAutoConfiguration, org.springframework.boot.test.autoconfigure.web.servlet.MockMvcWebClientAutoConfiguration, org.springframework.boot.test.autoconfigure.web.servlet.MockMvcWebDriverAutoConfiguration, org.springframework.boot.autoconfigure.security.oauth2.client.servlet.OAuth2ClientAutoConfiguration, org.springframework.boot.autoconfigure.security.oauth2.resource.servlet.OAuth2ResourceServerAutoConfiguration, org.springframework.boot.autoconfigure.security.servlet.SecurityAutoConfiguration, org.springframework.boot.autoconfigure.security.servlet.SecurityFilterAutoConfiguration, org.springframework.boot.autoconfigure.security.servlet.UserDetailsServiceAutoConfiguration, org.springframework.boot.test.autoconfigure.web.servlet.MockMvcSecurityConfiguration, org.springframework.boot.test.autoconfigure.web.reactive.WebTestClientAutoConfiguration]], org.springframework.boot.test.context.filter.ExcludeFilterContextCustomizer@26a4842b, org.springframework.boot.test.json.DuplicateJsonObjectContextCustomizerFactory$DuplicateJsonObjectContextCustomizer@a5b0b86, org.springframework.boot.test.mock.mockito.MockitoContextCustomizer@0, org.springframework.boot.test.web.client.TestRestTemplateContextCustomizer@2dbf4cbd, org.springframework.boot.test.context.SpringBootTestArgs@1, org.springframework.boot.test.context.SpringBootTestWebEnvironment@5456afaa], resourceBasePath = 'src/main/webapp', contextLoader = 'org.springframework.boot.test.context.SpringBootContextLoader', parent = [null]], attributes = map['org.springframework.test.context.web.ServletTestExecutionListener.activateListener' -> true, 'org.springframework.test.context.web.ServletTestExecutionListener.populatedRequestContextHolder' -> true, 'org.springframework.test.context.web.ServletTestExecutionListener.resetRequestContextHolder' -> true, 'org.springframework.test.context.event.ApplicationEventsTestExecutionListener.recordApplicationEvents' -> false]]; transaction manager [org.springframework.orm.jpa.JpaTransactionManager@240a717d]; rollback [true]
Hibernate: 
    select
        user0_.id as id1_11_,
        user0_.credit as credit2_11_,
        user0_.email as email3_11_,
        user0_.password as password4_11_,
        user0_.role as role5_11_,
        user0_.tel as tel6_11_,
        user0_.username as username7_11_ 
    from
        user user0_ 
    where
        user0_.email=?
Hibernate: 
    insert 
    into
        region
        (address, latitude, longitude, place_name) 
    values
        (?, ?, ?, ?)
Hibernate: 
    select
        user0_.id as id1_11_,
        user0_.credit as credit2_11_,
        user0_.email as email3_11_,
        user0_.password as password4_11_,
        user0_.role as role5_11_,
        user0_.tel as tel6_11_,
        user0_.username as username7_11_ 
    from
        user user0_ 
    where
        user0_.email=?
Hibernate: 
    insert 
    into
        carwash
        (des, name, price, rate, r_id, tel, u_id) 
    values
        (?, ?, ?, ?, ?, ?, ?)
Hibernate: 
    insert 
    into
        bay
        (bay_num, bay_type, w_id, status) 
    values
        (?, ?, ?, ?)
Hibernate: 
    insert 
    into
        reservation
        (b_id, date, end_time, price, start_time, u_id) 
    values
        (?, ?, ?, ?, ?, ?)
Hibernate: 
    select
        reservatio0_.id as id1_7_,
        reservatio0_.b_id as b_id6_7_,
        reservatio0_.date as date2_7_,
        reservatio0_.end_time as end_time3_7_,
        reservatio0_.price as price4_7_,
        reservatio0_.start_time as start_ti5_7_,
        reservatio0_.u_id as u_id7_7_ 
    from
        reservation reservatio0_ 
    left outer join
        user user1_ 
            on reservatio0_.u_id=user1_.id 
    where
        user1_.id=? 
    order by
        reservatio0_.id desc limit ?
응답 Body : {"success":true,"response":{"reservation":{"date":"2023-10-07","time":{"start":"10:00:00","end":"11:00:00"},"price":5000,"bayNo":10},"carwash":{"name":"세차장","region":{"latitude":0.0,"longitude":0.0}}},"error":null}
2023-10-07 18:58:54.585  INFO 64957 --- [    Test worker] o.s.t.c.transaction.TransactionContext   : Rolled back transaction for test: [DefaultTestContext@199e4c2b testClass = ReservationRestControllerTest, testInstance = bdbe.bdbd.reservation.ReservationRestControllerTest@72de1d86, testMethod = fetchLatestReservation_test@ReservationRestControllerTest, testException = [null], mergedContextConfiguration = [WebMergedContextConfiguration@6e0d4a8 testClass = ReservationRestControllerTest, locations = '{}', classes = '{class bdbe.bdbd.BdbdApplication}', contextInitializerClasses = '[]', activeProfiles = '{}', propertySourceLocations = '{}', propertySourceProperties = '{org.springframework.boot.test.context.SpringBootTestContextBootstrapper=true}', contextCustomizers = set[org.springframework.boot.test.autoconfigure.actuate.metrics.MetricsExportContextCustomizerFactory$DisableMetricExportContextCustomizer@5bfa8cc5, org.springframework.boot.test.autoconfigure.properties.PropertyMappingContextCustomizer@4b3fa0b3, org.springframework.boot.test.autoconfigure.web.servlet.WebDriverContextCustomizerFactory$Customizer@7894f09b, [ImportsContextCustomizer@64d7b720 key = [org.springframework.boot.test.autoconfigure.web.servlet.MockMvcAutoConfiguration, org.springframework.boot.test.autoconfigure.web.servlet.MockMvcWebClientAutoConfiguration, org.springframework.boot.test.autoconfigure.web.servlet.MockMvcWebDriverAutoConfiguration, org.springframework.boot.autoconfigure.security.oauth2.client.servlet.OAuth2ClientAutoConfiguration, org.springframework.boot.autoconfigure.security.oauth2.resource.servlet.OAuth2ResourceServerAutoConfiguration, org.springframework.boot.autoconfigure.security.servlet.SecurityAutoConfiguration, org.springframework.boot.autoconfigure.security.servlet.SecurityFilterAutoConfiguration, org.springframework.boot.autoconfigure.security.servlet.UserDetailsServiceAutoConfiguration, org.springframework.boot.test.autoconfigure.web.servlet.MockMvcSecurityConfiguration, org.springframework.boot.test.autoconfigure.web.reactive.WebTestClientAutoConfiguration]], org.springframework.boot.test.context.filter.ExcludeFilterContextCustomizer@26a4842b, org.springframework.boot.test.json.DuplicateJsonObjectContextCustomizerFactory$DuplicateJsonObjectContextCustomizer@a5b0b86, org.springframework.boot.test.mock.mockito.MockitoContextCustomizer@0, org.springframework.boot.test.web.client.TestRestTemplateContextCustomizer@2dbf4cbd, org.springframework.boot.test.context.SpringBootTestArgs@1, org.springframework.boot.test.context.SpringBootTestWebEnvironment@5456afaa], resourceBasePath = 'src/main/webapp', contextLoader = 'org.springframework.boot.test.context.SpringBootContextLoader', parent = [null]], attributes = map['org.springframework.test.context.web.ServletTestExecutionListener.activateListener' -> true, 'org.springframework.test.context.web.ServletTestExecutionListener.populatedRequestContextHolder' -> true, 'org.springframework.test.context.web.ServletTestExecutionListener.resetRequestContextHolder' -> true, 'org.springframework.test.context.event.ApplicationEventsTestExecutionListener.recordApplicationEvents' -> false]]
]]></system-out>
  <system-err><![CDATA[]]></system-err>
</testsuite>
